2024-02-23 17:50:06,313 - INFO - Fetching TMY data for latitude: 54.60452, longitude: -5.9286
2024-02-23 17:50:07,423 - INFO - HTTP Request: GET https://re.jrc.ec.europa.eu/api/tmy?lat=54.60452&lon=-5.9286&startyear=2005&endyear=2015&outputformat=json "HTTP/1.1 200 OK"
2024-02-23 17:50:07,803 - INFO - TMY data obtained for: 54.60452, longitude: -5.9286
2024-02-23 17:50:07,804 - INFO - *******************
2024-02-23 17:50:21,469 - INFO - Fetching TMY data for latitude: 54.60452, longitude: -5.9286
2024-02-23 17:50:21,470 - INFO - TMY data obtained for: 54.60452, longitude: -5.9286
2024-02-23 17:50:21,476 - INFO - *******************
2024-02-23 17:50:26,348 - INFO - Fetching TMY data for latitude: 54.60452, longitude: -5.9286
2024-02-23 17:50:27,267 - INFO - HTTP Request: GET https://re.jrc.ec.europa.eu/api/tmy?lat=54.60452&lon=-5.9286&startyear=2005&endyear=2015&outputformat=json "HTTP/1.1 200 OK"
2024-02-23 17:50:27,642 - INFO - TMY data obtained for: 54.60452, longitude: -5.9286
2024-02-23 17:50:27,643 - INFO - *******************
2024-02-23 17:51:00,344 - INFO - Fetching TMY data for latitude: 54.60452, longitude: -5.9286
2024-02-23 17:51:01,303 - INFO - HTTP Request: GET https://re.jrc.ec.europa.eu/api/tmy?lat=54.60452&lon=-5.9286&startyear=2005&endyear=2015&outputformat=json "HTTP/1.1 200 OK"
2024-02-23 17:51:01,646 - INFO - TMY data obtained for: 54.60452, longitude: -5.9286
2024-02-23 17:51:01,647 - INFO - *******************
2024-02-23 17:51:20,365 - INFO - Fetching TMY data for latitude: 54.60452, longitude: -5.9286
2024-02-23 17:51:20,366 - INFO - TMY data obtained for: 54.60452, longitude: -5.9286
2024-02-23 17:51:20,366 - INFO - *******************
2024-02-23 17:51:24,312 - INFO - Fetching TMY data for latitude: 54.60452, longitude: -5.9286
2024-02-23 17:51:25,418 - INFO - HTTP Request: GET https://re.jrc.ec.europa.eu/api/tmy?lat=54.60452&lon=-5.9286&startyear=2005&endyear=2015&outputformat=json "HTTP/1.1 200 OK"
2024-02-23 17:51:25,806 - INFO - TMY data obtained for: 54.60452, longitude: -5.9286
2024-02-23 17:51:25,807 - INFO - *******************
2024-02-23 17:51:44,931 - INFO - Fetching TMY data for latitude: 54.60452, longitude: -5.9286
2024-02-23 17:51:44,932 - INFO - TMY data obtained for: 54.60452, longitude: -5.9286
2024-02-23 17:51:44,932 - INFO - *******************
2024-02-23 17:52:01,703 - INFO - Fetching TMY data for latitude: 54.60452, longitude: -5.9286
2024-02-23 17:52:02,648 - INFO - HTTP Request: GET https://re.jrc.ec.europa.eu/api/tmy?lat=54.60452&lon=-5.9286&startyear=2005&endyear=2015&outputformat=json "HTTP/1.1 200 OK"
2024-02-23 17:52:03,021 - INFO - TMY data obtained for: 54.60452, longitude: -5.9286
2024-02-23 17:52:03,021 - INFO - *******************
2024-02-23 17:52:09,100 - INFO - Fetching TMY data for latitude: 54.60452, longitude: -5.9286
2024-02-23 17:52:09,100 - INFO - TMY data obtained for: 54.60452, longitude: -5.9286
2024-02-23 17:52:09,101 - INFO - *******************
2024-02-23 17:54:50,991 - INFO - Fetching TMY data for latitude: 54.60452, longitude: -5.9286
2024-02-23 17:54:50,992 - INFO - TMY data obtained for: 54.60452, longitude: -5.9286
2024-02-23 17:54:50,992 - INFO - *******************
2024-02-23 17:54:59,272 - INFO - Fetching TMY data for latitude: 54.60452, longitude: -5.9286
2024-02-23 17:55:00,460 - INFO - HTTP Request: GET https://re.jrc.ec.europa.eu/api/tmy?lat=54.60452&lon=-5.9286&startyear=2005&endyear=2015&outputformat=json "HTTP/1.1 200 OK"
2024-02-23 17:55:00,806 - INFO - TMY data obtained for: 54.60452, longitude: -5.9286
2024-02-23 17:55:00,807 - INFO - *******************
2024-02-23 18:07:33,992 - INFO - Fetching TMY data for latitude: 54.60452, longitude: -5.9286
2024-02-23 18:07:33,993 - INFO - TMY data obtained for: 54.60452, longitude: -5.9286
2024-02-23 18:07:33,993 - INFO - *******************
2024-02-23 18:07:36,646 - INFO - Fetching TMY data for latitude: 54.60452, longitude: -5.9286
2024-02-23 18:07:36,646 - INFO - TMY data obtained for: 54.60452, longitude: -5.9286
2024-02-23 18:07:36,647 - INFO - *******************
2024-02-23 18:07:43,525 - INFO - Fetching TMY data for latitude: 54.60452, longitude: -5.9286
2024-02-23 18:07:44,726 - INFO - HTTP Request: GET https://re.jrc.ec.europa.eu/api/tmy?lat=54.60452&lon=-5.9286&startyear=2005&endyear=2015&outputformat=json "HTTP/1.1 200 OK"
2024-02-23 18:07:45,374 - INFO - TMY data obtained for: 54.60452, longitude: -5.9286
2024-02-23 18:07:45,375 - INFO - *******************
2024-02-23 18:07:50,818 - INFO - Fetching TMY data for latitude: 54.60452, longitude: -5.9286
2024-02-23 18:07:50,819 - INFO - TMY data obtained for: 54.60452, longitude: -5.9286
2024-02-23 18:07:50,819 - INFO - *******************
2024-02-23 18:11:03,586 - INFO - Fetching TMY data for latitude: 54.60452, longitude: -5.9286
2024-02-23 18:11:04,545 - INFO - HTTP Request: GET https://re.jrc.ec.europa.eu/api/tmy?lat=54.60452&lon=-5.9286&startyear=2005&endyear=2015&outputformat=json "HTTP/1.1 200 OK"
2024-02-23 18:11:04,943 - INFO - TMY data obtained for: 54.60452, longitude: -5.9286
2024-02-23 18:11:04,944 - INFO - *******************
2024-02-23 18:14:23,005 - INFO - Fetching TMY data for latitude: 54.60452, longitude: -5.9286
2024-02-23 18:14:23,006 - INFO - TMY data obtained for: 54.60452, longitude: -5.9286
2024-02-23 18:14:23,006 - INFO - *******************
2024-02-23 18:14:25,211 - INFO - Fetching TMY data for latitude: 54.60452, longitude: -5.9286
2024-02-23 18:14:25,212 - INFO - TMY data obtained for: 54.60452, longitude: -5.9286
2024-02-23 18:14:25,212 - INFO - *******************
2024-02-23 18:15:47,307 - INFO - Fetching TMY data for latitude: 54.60452, longitude: -5.9286
2024-02-23 18:15:47,307 - INFO - TMY data obtained for: 54.60452, longitude: -5.9286
2024-02-23 18:15:47,308 - INFO - *******************
2024-02-23 18:15:54,221 - INFO - Fetching TMY data for latitude: 54.60452, longitude: -5.9286
2024-02-23 18:15:54,222 - INFO - TMY data obtained for: 54.60452, longitude: -5.9286
2024-02-23 18:15:54,222 - INFO - *******************
2024-02-23 18:16:47,275 - INFO - Fetching TMY data for latitude: 54.60452, longitude: -5.9286
2024-02-23 18:16:48,213 - INFO - HTTP Request: GET https://re.jrc.ec.europa.eu/api/tmy?lat=54.60452&lon=-5.9286&startyear=2005&endyear=2015&outputformat=json "HTTP/1.1 200 OK"
2024-02-23 18:16:48,589 - INFO - TMY data obtained for: 54.60452, longitude: -5.9286
2024-02-23 18:16:48,590 - INFO - *******************
2024-02-23 18:17:50,408 - INFO - Fetching TMY data for latitude: 54.60452, longitude: -5.9286
2024-02-23 18:17:51,568 - INFO - HTTP Request: GET https://re.jrc.ec.europa.eu/api/tmy?lat=54.60452&lon=-5.9286&startyear=2005&endyear=2015&outputformat=json "HTTP/1.1 200 OK"
2024-02-23 18:17:51,917 - INFO - TMY data obtained for: 54.60452, longitude: -5.9286
2024-02-23 18:17:51,918 - INFO - *******************
2024-02-23 18:17:59,960 - INFO - Fetching TMY data for latitude: 54.60452, longitude: -5.9286
2024-02-23 18:17:59,961 - INFO - TMY data obtained for: 54.60452, longitude: -5.9286
2024-02-23 18:17:59,961 - INFO - *******************
2024-02-23 18:18:55,633 - INFO - Fetching TMY data for latitude: 54.60452, longitude: -5.9286
2024-02-23 18:18:56,663 - INFO - HTTP Request: GET https://re.jrc.ec.europa.eu/api/tmy?lat=54.60452&lon=-5.9286&startyear=2005&endyear=2015&outputformat=json "HTTP/1.1 200 OK"
2024-02-23 18:18:57,039 - INFO - TMY data obtained for: 54.60452, longitude: -5.9286
2024-02-23 18:18:57,039 - INFO - *******************
2024-02-23 18:20:37,559 - INFO - Fetching TMY data for latitude: 54.60452, longitude: -5.9286
2024-02-23 18:20:38,443 - INFO - HTTP Request: GET https://re.jrc.ec.europa.eu/api/tmy?lat=54.60452&lon=-5.9286&startyear=2005&endyear=2015&outputformat=json "HTTP/1.1 200 OK"
2024-02-23 18:20:38,785 - INFO - TMY data obtained for: 54.60452, longitude: -5.9286
2024-02-23 18:20:38,786 - INFO - *******************
2024-02-23 18:20:38,786 - INFO - Calculating POA irradiance for latitude: 54.60452, longitude: -5.9286
2024-02-23 18:20:38,793 - INFO - POA Irradaince for: 54.60452, longitude: -5.9286 calculated successfully
2024-02-23 18:20:38,793 - INFO - *******************
2024-02-23 18:30:44,128 - INFO - Fetching TMY data for latitude: 54.60452, longitude: -5.9286
2024-02-23 18:30:45,234 - INFO - HTTP Request: GET https://re.jrc.ec.europa.eu/api/tmy?lat=54.60452&lon=-5.9286&startyear=2005&endyear=2015&outputformat=json "HTTP/1.1 200 OK"
2024-02-23 18:30:45,965 - INFO - TMY data obtained for: 54.60452, longitude: -5.9286
2024-02-23 18:30:45,965 - INFO - *******************
2024-02-23 18:30:45,965 - INFO - Calculating POA irradiance for latitude: 54.60452, longitude: -5.9286
2024-02-23 18:30:45,971 - INFO - POA Irradaince for: 54.60452, longitude: -5.9286 calculated successfully
2024-02-23 18:30:45,971 - INFO - *******************
2024-02-23 18:31:43,297 - INFO - Fetching TMY data for latitude: 54.60452, longitude: -5.9286
2024-02-23 18:31:44,414 - INFO - HTTP Request: GET https://re.jrc.ec.europa.eu/api/tmy?lat=54.60452&lon=-5.9286&startyear=2005&endyear=2015&outputformat=json "HTTP/1.1 200 OK"
2024-02-23 18:31:44,881 - INFO - TMY data obtained for: 54.60452, longitude: -5.9286
2024-02-23 18:31:44,882 - INFO - *******************
2024-02-23 18:31:44,882 - INFO - Calculating POA irradiance for latitude: 54.60452, longitude: -5.9286
2024-02-23 18:31:44,888 - INFO - POA Irradiance for: 54.60452, longitude: -5.9286 calculated successfully
2024-02-23 18:31:44,888 - INFO - *******************
2024-02-23 18:32:12,570 - INFO - Fetching TMY data for latitude: 54.60452, longitude: -5.9286
2024-02-23 18:32:12,570 - INFO - TMY data obtained for: 54.60452, longitude: -5.9286
2024-02-23 18:32:12,571 - INFO - *******************
2024-02-23 18:32:12,571 - INFO - Calculating POA irradiance for latitude: 54.60452, longitude: -5.9286
2024-02-23 18:32:12,578 - INFO - POA Irradaince for: 54.60452, longitude: -5.9286 calculated successfully
2024-02-23 18:32:12,579 - INFO - *******************
2024-02-23 18:42:08,519 - INFO - Fetching TMY data for latitude: 54.95, longitude: -5.95
2024-02-23 18:42:09,617 - INFO - HTTP Request: GET https://re.jrc.ec.europa.eu/api/tmy?lat=54.95&lon=-5.95&startyear=2005&endyear=2015&outputformat=json "HTTP/1.1 200 OK"
2024-02-23 18:42:10,384 - INFO - TMY data obtained for: 54.95, longitude: -5.95
2024-02-23 18:42:10,385 - INFO - *******************
2024-02-23 18:42:10,385 - INFO - Calculating POA irradiance for latitude: 54.95, longitude: -5.95
2024-02-23 18:42:10,391 - INFO - POA Irradaince for: 54.95, longitude: -5.95 calculated successfully
2024-02-23 18:42:10,393 - INFO - *******************
2024-02-23 18:42:33,115 - INFO - Fetching TMY data for latitude: 54.95, longitude: -5.95
2024-02-23 18:42:33,115 - INFO - TMY data obtained for: 54.95, longitude: -5.95
2024-02-23 18:42:33,116 - INFO - *******************
2024-02-23 18:42:33,116 - INFO - Calculating POA irradiance for latitude: 54.95, longitude: -5.95
2024-02-23 18:42:33,123 - INFO - POA Irradaince for: 54.95, longitude: -5.95 calculated successfully
2024-02-23 18:42:33,124 - INFO - *******************
2024-02-23 18:42:40,630 - INFO - Fetching TMY data for latitude: 54.95, longitude: -5.95
2024-02-23 18:42:40,631 - INFO - TMY data obtained for: 54.95, longitude: -5.95
2024-02-23 18:42:40,632 - INFO - *******************
2024-02-23 18:42:40,632 - INFO - Calculating POA irradiance for latitude: 54.95, longitude: -5.95
2024-02-23 18:42:40,639 - INFO - POA Irradaince for: 54.95, longitude: -5.95 calculated successfully
2024-02-23 18:42:40,640 - INFO - *******************
2024-02-23 18:54:32,544 - INFO - Fetching TMY data for latitude: 54.95, longitude: -5.95
2024-02-23 18:54:33,720 - INFO - HTTP Request: GET https://re.jrc.ec.europa.eu/api/tmy?lat=54.95&lon=-5.95&startyear=2005&endyear=2015&outputformat=json "HTTP/1.1 200 OK"
2024-02-23 18:54:34,439 - INFO - TMY data obtained for: 54.95, longitude: -5.95
2024-02-23 18:54:34,439 - INFO - *******************
2024-02-23 18:54:34,440 - INFO - Calculating POA irradiance for latitude: 54.95, longitude: -5.95
2024-02-23 18:54:34,446 - INFO - POA Irradiance for: 54.95, longitude: -5.95 calculated successfully
2024-02-23 18:54:34,446 - INFO - *******************
2024-02-23 18:57:16,311 - INFO - Fetching TMY data for latitude: 54.60452, longitude: -5.9286
2024-02-23 18:57:17,264 - INFO - HTTP Request: GET https://re.jrc.ec.europa.eu/api/tmy?lat=54.60452&lon=-5.9286&startyear=2005&endyear=2015&outputformat=json "HTTP/1.1 200 OK"
2024-02-23 18:57:17,657 - INFO - TMY data obtained for: 54.60452, longitude: -5.9286
2024-02-23 18:57:17,657 - INFO - *******************
2024-02-23 18:57:17,658 - INFO - Calculating POA irradiance for latitude: 54.60452, longitude: -5.9286
2024-02-23 18:57:17,664 - INFO - POA Irradiance for: 54.60452, longitude: -5.9286 calculated successfully
2024-02-23 18:57:17,665 - INFO - *******************
2024-02-23 19:03:27,822 - INFO - Fetching TMY data for latitude: 54.60452, longitude: -5.9286
2024-02-23 19:03:28,841 - INFO - HTTP Request: GET https://re.jrc.ec.europa.eu/api/tmy?lat=54.60452&lon=-5.9286&startyear=2005&endyear=2015&outputformat=json "HTTP/1.1 200 OK"
2024-02-23 19:03:29,210 - INFO - TMY data obtained for: 54.60452, longitude: -5.9286
2024-02-23 19:03:29,210 - INFO - *******************
2024-02-23 19:03:29,211 - INFO - Calculating POA irradiance for latitude: 54.60452, longitude: -5.9286
2024-02-23 19:03:29,217 - INFO - POA Irradiance for: 54.60452, longitude: -5.9286 calculated successfully
2024-02-23 19:03:29,218 - INFO - *******************
2024-02-23 19:08:52,921 - INFO - Fetching TMY data for latitude: 54.60452, longitude: -5.9286
2024-02-23 19:08:53,849 - INFO - HTTP Request: GET https://re.jrc.ec.europa.eu/api/tmy?lat=54.60452&lon=-5.9286&startyear=2005&endyear=2015&outputformat=json "HTTP/1.1 200 OK"
2024-02-23 19:08:54,189 - INFO - TMY data obtained for: 54.60452, longitude: -5.9286
2024-02-23 19:08:54,190 - INFO - *******************
2024-02-23 19:08:54,190 - INFO - Calculating POA irradiance for latitude: 54.60452, longitude: -5.9286
2024-02-23 19:08:54,196 - INFO - POA Irradiance for: 54.60452, longitude: -5.9286 calculated successfully
2024-02-23 19:08:54,197 - INFO - *******************
2024-02-23 19:08:54,197 - INFO - Generating Solar PV model statistical grouping.
2024-02-23 19:09:08,630 - INFO - Fetching TMY data for latitude: 54.60452, longitude: -5.9286
2024-02-23 19:09:09,578 - INFO - HTTP Request: GET https://re.jrc.ec.europa.eu/api/tmy?lat=54.60452&lon=-5.9286&startyear=2005&endyear=2015&outputformat=json "HTTP/1.1 200 OK"
2024-02-23 19:09:09,918 - INFO - TMY data obtained for: 54.60452, longitude: -5.9286
2024-02-23 19:09:09,919 - INFO - *******************
2024-02-23 19:09:09,919 - INFO - Calculating POA irradiance for latitude: 54.60452, longitude: -5.9286
2024-02-23 19:09:09,926 - INFO - POA Irradiance for: 54.60452, longitude: -5.9286 calculated successfully
2024-02-23 19:09:09,926 - INFO - *******************
2024-02-23 19:09:09,927 - INFO - Generating Solar PV model statistical grouping.
2024-02-23 19:09:09,937 - INFO - Solar PV model statistical grouping completed.
2024-02-23 19:09:09,938 - INFO - *******************
2024-02-23 19:15:17,482 - INFO - Fetching TMY data for latitude: 54.60452, longitude: -5.9286
2024-02-23 19:15:18,545 - INFO - HTTP Request: GET https://re.jrc.ec.europa.eu/api/tmy?lat=54.60452&lon=-5.9286&startyear=2005&endyear=2015&outputformat=json "HTTP/1.1 200 OK"
2024-02-23 19:15:18,924 - INFO - TMY data obtained for: 54.60452, longitude: -5.9286
2024-02-23 19:15:18,925 - INFO - *******************
2024-02-23 19:15:18,925 - INFO - Calculating POA irradiance for latitude: 54.60452, longitude: -5.9286
2024-02-23 19:15:18,930 - INFO - POA Irradiance for: 54.60452, longitude: -5.9286 calculated successfully
2024-02-23 19:15:18,930 - INFO - *******************
2024-02-23 19:15:18,931 - INFO - Generating Solar PV model statistical grouping.
2024-02-23 19:15:18,940 - INFO - Solar PV model statistical grouping completed.
2024-02-23 19:15:18,940 - INFO - *******************
2024-02-23 19:17:30,779 - INFO - Fetching TMY data for latitude: 54.60452, longitude: -5.9286
2024-02-23 19:17:31,805 - INFO - HTTP Request: GET https://re.jrc.ec.europa.eu/api/tmy?lat=54.60452&lon=-5.9286&startyear=2005&endyear=2015&outputformat=json "HTTP/1.1 200 OK"
2024-02-23 19:17:32,153 - INFO - TMY data obtained for: 54.60452, longitude: -5.9286
2024-02-23 19:17:32,153 - INFO - *******************
2024-02-23 19:17:32,153 - INFO - Calculating POA irradiance for latitude: 54.60452, longitude: -5.9286
2024-02-23 19:17:32,159 - INFO - POA Irradiance for: 54.60452, longitude: -5.9286 calculated successfully
2024-02-23 19:17:32,159 - INFO - *******************
2024-02-23 19:17:32,159 - INFO - Generating Solar PV model statistical grouping.
2024-02-23 19:17:32,169 - INFO - Solar PV model statistical grouping completed.
2024-02-23 19:17:32,169 - INFO - *******************
